<?xml version="1.0" encoding="UTF-8"?>
<!-- Generated by org.testng.reporters.JUnitReportReporter -->
<testsuite skipped="0" hostname="myin-ПК" name="home.crypto.AppTest" tests="2" failures="0" timestamp="19 окт 2017 15:47:04 GMT" time="1.052" errors="0">
  <testcase name="enterTest" time="1.050" classname="home.crypto.AppTest"/>
  <testcase name="feeTest" time="0.002" classname="home.crypto.AppTest"/>
</testsuite> <!-- home.crypto.AppTest -->
