<?xml version="1.0" encoding="UTF-8"?>
<!-- Generated by org.testng.reporters.JUnitReportReporter -->
<testsuite skipped="0" hostname="myin-ПК" name="home.crypto.AppTest" tests="2" failures="0" timestamp="19 окт 2017 16:29:11 GMT" time="1.559" errors="0">
  <testcase name="enterTest" time="0.941" classname="home.crypto.AppTest"/>
  <testcase name="feeTest" time="0.618" classname="home.crypto.AppTest"/>
</testsuite> <!-- home.crypto.AppTest -->
